<?xml version="1.0" encoding="UTF-8"?>
<testng-results ignored="0" total="1" passed="1" failed="0" skipped="0">
  <reporter-output>
  </reporter-output>
  <suite started-at="2024-01-22T21:16:43 IST" name="Suite" finished-at="2024-01-22T21:17:50 IST" duration-ms="67238">
    <groups>
    </groups>
    <test started-at="2024-01-22T21:16:43 IST" name="Test" finished-at="2024-01-22T21:17:50 IST" duration-ms="67238">
      <class name="TestLayer.RegisterPageTest">
        <test-method is-config="true" signature="setUp()[pri:0, instance:TestLayer.RegisterPageTest@1534f01b]" started-at="2024-01-22T21:16:43 IST" name="setUp" finished-at="2024-01-22T21:17:02 IST" duration-ms="18891" status="PASS">
          <reporter-output>
          </reporter-output>
        </test-method> <!-- setUp -->
        <test-method signature="registerPageTest()[pri:0, instance:TestLayer.RegisterPageTest@1534f01b]" started-at="2024-01-22T21:17:02 IST" name="registerPageTest" finished-at="2024-01-22T21:17:50 IST" duration-ms="48115" status="PASS">
          <reporter-output>
          </reporter-output>
        </test-method> <!-- registerPageTest -->
      </class> <!-- TestLayer.RegisterPageTest -->
    </test> <!-- Test -->
  </suite> <!-- Suite -->
</testng-results>
