<?xml version="1.0" encoding="UTF-8"?>
<testng-results ignored="0" total="1" passed="1" failed="0" skipped="0">
  <reporter-output>
  </reporter-output>
  <suite started-at="2023-12-27T21:09:06 IST" name="Default suite" finished-at="2023-12-27T21:10:12 IST" duration-ms="65665">
    <groups>
    </groups>
    <test started-at="2023-12-27T21:09:06 IST" name="Default test" finished-at="2023-12-27T21:10:12 IST" duration-ms="65665">
      <class name="TestLayer.RegisterPageTest">
        <test-method is-config="true" signature="setUp()[pri:0, instance:TestLayer.RegisterPageTest@18d87d80]" started-at="2023-12-27T21:09:06 IST" name="setUp" finished-at="2023-12-27T21:09:19 IST" duration-ms="13047" status="PASS">
          <reporter-output>
          </reporter-output>
        </test-method> <!-- setUp -->
        <test-method signature="registerPageTest()[pri:0, instance:TestLayer.RegisterPageTest@18d87d80]" started-at="2023-12-27T21:09:20 IST" name="registerPageTest" finished-at="2023-12-27T21:10:12 IST" duration-ms="52532" status="PASS">
          <reporter-output>
          </reporter-output>
        </test-method> <!-- registerPageTest -->
      </class> <!-- TestLayer.RegisterPageTest -->
    </test> <!-- Default test -->
  </suite> <!-- Default suite -->
</testng-results>
